#
# A fatal error has been detected by the Java Runtime Environment:
#
#  SIGSEGV (0xb) at pc=0x00000001070adc08, pid=4939, tid=18179
#
# JRE version: Java(TM) SE Runtime Environment (7.0_51-b13) (build 1.7.0_51-b13)
# Java VM: Java HotSpot(TM) 64-Bit Server VM (24.51-b03 mixed mode bsd-amd64 compressed oops)
# Problematic frame:
# V  [libjvm.dylib+0x2adc08]  java_lang_String::length(oopDesc*)+0x54
#
# Failed to write core dump. Core dumps have been disabled. To enable core dumping, try "ulimit -c unlimited" before starting Java again
#
# If you would like to submit a bug report, please visit:
#   http://bugreport.sun.com/bugreport/crash.jsp
#

---------------  T H R E A D  ---------------

Current thread (0x00007f8a7380a000):  JavaThread "JDWP Transport Listener: dt_socket" daemon [_thread_in_vm, id=18179, stack(0x0000000111455000,0x0000000111555000)]

siginfo:si_signo=SIGSEGV: si_errno=0, si_code=1 (SEGV_MAPERR), si_addr=0x000000000000000c

Registers:
RAX=0x0000000000000000, RBX=0x00000007d565a0b8, RCX=0x000000000000000c, RDX=0x0000000000000000
RSP=0x0000000111554a10, RBP=0x0000000111554a10, RSI=0x00007f8a7271a490, RDI=0x00000007d565a0b8
R8 =0x0000000000000000, R9 =0x00007f8a72500000, R10=0x0000000006650db5, R11=0xffff80769f03a0b0
R12=0x00007f8a7380a000, R13=0x00007f8a7251e0d0, R14=0x0000000000000000, R15=0x0000000000000000
RIP=0x00000001070adc08, EFLAGS=0x0000000000010202, ERR=0x0000000000000004
  TRAPNO=0x000000000000000e

Top of Stack: (sp=0x0000000111554a10)
0x0000000111554a10:   0000000111554a40 00000001070dd3ba
0x0000000111554a20:   0000000000000000 0000000000000000
0x0000000111554a30:   00000007d565a0b8 00007f8a7380a1e8
0x0000000111554a40:   0000000111554ab0 0000000107104c68
0x0000000111554a50:   00007f8a7380a000 00007f8a7380a000
0x0000000111554a60:   0000000000000000 0000000000000000
0x0000000111554a70:   00007f8a7380a1e8 00007f8a7380a000
0x0000000111554a80:   00007f8a7380a000 0000000111554b08
0x0000000111554a90:   00007f8a7271a490 00007f8a7251e0d0
0x0000000111554aa0:   0000000111554c90 00007f8a7380a1e8
0x0000000111554ab0:   0000000111554ae0 000000010795d52e
0x0000000111554ac0:   0000000111554c90 000000010797ddc0
0x0000000111554ad0:   0000000111554b08 0000000107989578
0x0000000111554ae0:   0000000111554d00 00000001079646b2
0x0000000111554af0:   0000010100000013 0000000000010a00
0x0000000111554b00:   00007f8a7251a9c0 0000000111554b58
0x0000000111554b10:   00007f8a0000012c 0000000111554b20
0x0000000111554b20:   00007f8a00000000 0000000111554b58
0x0000000111554b30:   0000000000000000 00007f0000000000
0x0000000111554b40:   0000010100000018 00007fff00009e80
0x0000000111554b50:   0000000111554b58 0000005b01000000
0x0000000111554b60:   4200001a00000000 000000000a000000
0x0000000111554b70:   c000000000000000 0400000000000000
0x0000000111554b80:   00000000090c0000 c100000009000000
0x0000000111554b90:   0d00000000000000 00000000c2000000
0x0000000111554ba0:   c400000016000000 1a00000000000000
0x0000000111554bb0:   00000000c5000000 c800000023000000
0x0000000111554bc0:   2b00000000000000 00000000c9000000
0x0000000111554bd0:   cb00000036000000 4200000000000000
0x0000000111554be0:   04000500cc000000 0000000000000001
0x0000000111554bf0:   bd51728a7f00000e 0000000000000068
0x0000000111554c00:   696e693c06000014 5b28070000003e74 

Instructions: (pc=0x00000001070adc08)
0x00000001070adbe8:   eb 16 48 8d 35 cf 29 4c 00 8a 4e 08 48 d3 e2 48
0x00000001070adbf8:   03 16 eb 04 48 8b 14 0f 84 c0 0f 94 c0 0f b6 c0
0x00000001070adc08:   8b 44 82 0c 5d c3 8b 04 07 5d c3 90 55 48 89 e5
0x00000001070adc18:   f6 87 8d 00 00 00 02 75 04 31 ff eb 23 48 63 87 

Register to memory mapping:

RAX=0x0000000000000000 is an unknown value
RBX=0x00000007d565a0b8 is an oop
java.lang.String 
 - klass: 'java/lang/String'
RCX=0x000000000000000c is an unknown value
RDX=0x0000000000000000 is an unknown value
RSP=0x0000000111554a10 is pointing into the stack for thread: 0x00007f8a7380a000
RBP=0x0000000111554a10 is pointing into the stack for thread: 0x00007f8a7380a000
RSI=0x00007f8a7271a490 is a global jni handle
RDI=0x00000007d565a0b8 is an oop
java.lang.String 
 - klass: 'java/lang/String'
R8 =0x0000000000000000 is an unknown value
R9 =0x00007f8a72500000 is an unknown value
R10=0x0000000006650db5 is an unknown value
R11=0xffff80769f03a0b0 is an unknown value
R12=0x00007f8a7380a000 is a thread
R13=0x00007f8a7251e0d0 is an unknown value
R14=0x0000000000000000 is an unknown value
R15=0x0000000000000000 is an unknown value


Stack: [0x0000000111455000,0x0000000111555000],  sp=0x0000000111554a10,  free space=1022k
Native frames: (J=compiled Java code, j=interpreted, Vv=VM code, C=native code)
V  [libjvm.dylib+0x2adc08]  java_lang_String::length(oopDesc*)+0x54
V  [libjvm.dylib+0x2dd3ba]  java_lang_String::utf8_length(oopDesc*)+0x38
V  [libjvm.dylib+0x304c68]  jni_GetStringUTFChars+0x71
C  [libjdwp.dylib+0x752e]  value+0x96
C  [libjdwp.dylib+0xe6b2]  debugLoop_run+0x1ce
C  [libjdwp.dylib+0x1f132]  attachThread+0x4d
V  [libjvm.dylib+0x373f9e]  JvmtiAgentThread::call_start_function()+0x38
V  [libjvm.dylib+0x4efb57]  JavaThread::thread_main_inner()+0x9b
V  [libjvm.dylib+0x4f125f]  JavaThread::run()+0x1a3
V  [libjvm.dylib+0x41b1d6]  java_start(Thread*)+0x126
C  [libsystem_pthread.dylib+0x1899]  _pthread_body+0x8a
C  [libsystem_pthread.dylib+0x172a]  _pthread_struct_init+0x0
C  [libsystem_pthread.dylib+0x5fc9]  thread_start+0xd


---------------  P R O C E S S  ---------------

Java Threads: ( => current thread )
  0x00007f8a74051800 JavaThread "Service Thread" daemon [_thread_blocked, id=20739, stack(0x0000000111964000,0x0000000111a64000)]
  0x00007f8a72811800 JavaThread "C2 CompilerThread1" daemon [_thread_blocked, id=20227, stack(0x0000000111861000,0x0000000111961000)]
  0x00007f8a7302d800 JavaThread "C2 CompilerThread0" daemon [_thread_blocked, id=19715, stack(0x000000011175e000,0x000000011185e000)]
  0x00007f8a72810000 JavaThread "JDWP Command Reader" daemon [_thread_in_native, id=19203, stack(0x000000011165b000,0x000000011175b000)]
  0x00007f8a7280f000 JavaThread "JDWP Event Helper Thread" daemon [_thread_blocked, id=18691, stack(0x0000000111558000,0x0000000111658000)]
=>0x00007f8a7380a000 JavaThread "JDWP Transport Listener: dt_socket" daemon [_thread_in_vm, id=18179, stack(0x0000000111455000,0x0000000111555000)]
  0x00007f8a74041800 JavaThread "Signal Dispatcher" daemon [_thread_blocked, id=17667, stack(0x000000011134c000,0x000000011144c000)]
  0x00007f8a7403c800 JavaThread "Finalizer" daemon [_thread_blocked, id=12547, stack(0x00000001110fd000,0x00000001111fd000)]
  0x00007f8a74039800 JavaThread "Reference Handler" daemon [_thread_blocked, id=12035, stack(0x0000000110ffa000,0x00000001110fa000)]
  0x00007f8a73006800 JavaThread "main" [_thread_blocked, id=6403, stack(0x0000000107854000,0x0000000107954000)]

Other Threads:
  0x00007f8a74039000 VMThread [stack: 0x0000000110ef7000,0x0000000110ff7000] [id=11523]
  0x00007f8a7403e800 WatcherThread [stack: 0x0000000111a67000,0x0000000111b67000] [id=21251]

VM state:not at safepoint (normal execution)

VM Mutex/Monitor currently owned by a thread: None

Heap
 PSYoungGen      total 38912K, used 2030K [0x00000007d5500000, 0x00000007d8000000, 0x0000000800000000)
  eden space 33792K, 6% used [0x00000007d5500000,0x00000007d56fbaa0,0x00000007d7600000)
  from space 5120K, 0% used [0x00000007d7b00000,0x00000007d7b00000,0x00000007d8000000)
  to   space 5120K, 0% used [0x00000007d7600000,0x00000007d7600000,0x00000007d7b00000)
 ParOldGen       total 87040K, used 0K [0x0000000780000000, 0x0000000785500000, 0x00000007d5500000)
  object space 87040K, 0% used [0x0000000780000000,0x0000000780000000,0x0000000785500000)
 PSPermGen       total 21504K, used 2602K [0x000000077ae00000, 0x000000077c300000, 0x0000000780000000)
  object space 21504K, 12% used [0x000000077ae00000,0x000000077b08a970,0x000000077c300000)

Card table byte_map: [0x000000010aa53000,0x000000010ae7d000] byte_map_base: 0x0000000106e7c000

Polling page: 0x00000001065e3000

Code Cache  [0x0000000107993000, 0x0000000107c03000, 0x000000010a993000)
 total_blobs=174 nmethods=2 adapters=135 free_code_cache=48771Kb largest_free_block=49920256

Compilation events (4 events):
Event: 0.316 Thread 0x00007f8a7302d800    1             java.lang.String::hashCode (55 bytes)
Event: 0.319 Thread 0x00007f8a72811800    2             java.lang.String::indexOf (70 bytes)
Event: 0.322 Thread 0x00007f8a7302d800 nmethod 1 0x00000001079f2990 code [0x00000001079f2ae0, 0x00000001079f2c98]
Event: 0.323 Thread 0x00007f8a72811800 nmethod 2 0x00000001079f2550 code [0x00000001079f26a0, 0x00000001079f2888]

GC Heap History (0 events):
No events

Deoptimization events (0 events):
No events

Internal exceptions (10 events):
Event: 0.321 Thread 0x00007f8a73006800 Threw 0x00000007d5593900 at /HUDSON/workspace/7u-2-build-macosx-x86_64/jdk7u51/527/hotspot/src/share/vm/prims/jni.cpp:717
Event: 0.321 Thread 0x00007f8a73006800 Threw 0x00000007d5593a20 at /HUDSON/workspace/7u-2-build-macosx-x86_64/jdk7u51/527/hotspot/src/share/vm/prims/jvm.cpp:1244
Event: 0.321 Thread 0x00007f8a73006800 Threw 0x00000007d5593b48 at /HUDSON/workspace/7u-2-build-macosx-x86_64/jdk7u51/527/hotspot/src/share/vm/prims/jvm.cpp:1244
Event: 0.323 Thread 0x00007f8a73006800 Threw 0x00000007d5594808 at /HUDSON/workspace/7u-2-build-macosx-x86_64/jdk7u51/527/hotspot/src/share/vm/prims/jni.cpp:717
Event: 0.323 Thread 0x00007f8a73006800 Threw 0x00000007d5594928 at /HUDSON/workspace/7u-2-build-macosx-x86_64/jdk7u51/527/hotspot/src/share/vm/prims/jvm.cpp:1244
Event: 0.323 Thread 0x00007f8a73006800 Threw 0x00000007d5594a50 at /HUDSON/workspace/7u-2-build-macosx-x86_64/jdk7u51/527/hotspot/src/share/vm/prims/jvm.cpp:1244
Event: 0.325 Thread 0x00007f8a73006800 Threw 0x00000007d55a73b0 at /HUDSON/workspace/7u-2-build-macosx-x86_64/jdk7u51/527/hotspot/src/share/vm/prims/jni.cpp:717
Event: 0.325 Thread 0x00007f8a73006800 Threw 0x00000007d55a74d0 at /HUDSON/workspace/7u-2-build-macosx-x86_64/jdk7u51/527/hotspot/src/share/vm/prims/jvm.cpp:1244
Event: 0.325 Thread 0x00007f8a73006800 Threw 0x00000007d55a75f8 at /HUDSON/workspace/7u-2-build-macosx-x86_64/jdk7u51/527/hotspot/src/share/vm/prims/jvm.cpp:1244
Event: 0.325 Thread 0x00007f8a73006800 Threw 0x00000007d55a7848 at /HUDSON/workspace/7u-2-build-macosx-x86_64/jdk7u51/527/hotspot/src/share/vm/prims/jvm.cpp:1244

Events (10 events):
Event: 21.836 Executing VM operation: ChangeSingleStep
Event: 21.836 Executing VM operation: ChangeSingleStep done
Event: 21.837 Executing VM operation: ChangeSingleStep
Event: 21.837 Executing VM operation: ChangeSingleStep done
Event: 21.948 Executing VM operation: GetOrSetLocal
Event: 21.948 Executing VM operation: GetOrSetLocal done
Event: 22.057 Executing VM operation: GetOrSetLocal
Event: 22.057 Executing VM operation: GetOrSetLocal done
Event: 23.136 Executing VM operation: GetOrSetLocal
Event: 23.136 Executing VM operation: GetOrSetLocal done


Dynamic libraries:
0x00000000096ae000 	/System/Library/Frameworks/Cocoa.framework/Versions/A/Cocoa
0x00000000096ae000 	/System/Library/Frameworks/Security.framework/Versions/A/Security
0x00000000096ae000 	/System/Library/Frameworks/ApplicationServices.framework/Versions/A/ApplicationServices
0x00000000096ae000 	/usr/lib/libz.1.dylib
0x00000000096ae000 	/usr/lib/libSystem.B.dylib
0x00000000096ae000 	/usr/lib/libobjc.A.dylib
0x00000000096ae000 	/System/Library/Frameworks/CoreFoundation.framework/Versions/A/CoreFoundation
0x00000000096ae000 	/System/Library/Frameworks/Foundation.framework/Versions/C/Foundation
0x00000000096ae000 	/System/Library/Frameworks/AppKit.framework/Versions/C/AppKit
0x00000000096ae000 	/System/Library/Frameworks/CoreData.framework/Versions/A/CoreData
0x00000000096ae000 	/System/Library/PrivateFrameworks/RemoteViewServices.framework/Versions/A/RemoteViewServices
0x00000000096ae000 	/System/Library/Frameworks/AudioToolbox.framework/Versions/A/AudioToolbox
0x00000000096ae000 	/System/Library/Frameworks/AudioUnit.framework/Versions/A/AudioUnit
0x00000000096ae000 	/System/Library/PrivateFrameworks/DataDetectorsCore.framework/Versions/A/DataDetectorsCore
0x00000000096ae000 	/System/Library/PrivateFrameworks/DesktopServicesPriv.framework/Versions/A/DesktopServicesPriv
0x00000000096ae000 	/System/Library/Frameworks/Carbon.framework/Versions/A/Frameworks/HIToolbox.framework/Versions/A/HIToolbox
0x00000000096ae000 	/System/Library/Frameworks/QuartzCore.framework/Versions/A/QuartzCore
0x00000000096ae000 	/System/Library/Frameworks/Carbon.framework/Versions/A/Frameworks/SpeechRecognition.framework/Versions/A/SpeechRecognition
0x00000000096ae000 	/usr/lib/libauto.dylib
0x00000000096ae000 	/usr/lib/libicucore.A.dylib
0x00000000096ae000 	/usr/lib/libxml2.2.dylib
0x00000000096ae000 	/System/Library/PrivateFrameworks/CoreUI.framework/Versions/A/CoreUI
0x00000000096ae000 	/System/Library/Frameworks/CoreAudio.framework/Versions/A/CoreAudio
0x00000000096ae000 	/System/Library/Frameworks/DiskArbitration.framework/Versions/A/DiskArbitration
0x00000000096ae000 	/usr/lib/liblangid.dylib
0x00000000096ae000 	/System/Library/PrivateFrameworks/MultitouchSupport.framework/Versions/A/MultitouchSupport
0x00000000096ae000 	/System/Library/Frameworks/IOKit.framework/Versions/A/IOKit
0x00000000096ae000 	/usr/lib/libDiagnosticMessagesClient.dylib
0x00000000096ae000 	/System/Library/Frameworks/CoreServices.framework/Versions/A/CoreServices
0x00000000096ae000 	/System/Library/PrivateFrameworks/PerformanceAnalysis.framework/Versions/A/PerformanceAnalysis
0x00000000096ae000 	/System/Library/PrivateFrameworks/GenerationalStorage.framework/Versions/A/GenerationalStorage
0x00000000096ae000 	/System/Library/Frameworks/OpenGL.framework/Versions/A/OpenGL
0x00000000096ae000 	/System/Library/PrivateFrameworks/Sharing.framework/Versions/A/Sharing
0x00000000096ae000 	/System/Library/Frameworks/ImageIO.framework/Versions/A/ImageIO
0x00000000096ae000 	/System/Library/Frameworks/CoreText.framework/Versions/A/CoreText
0x00000000096ae000 	/System/Library/Frameworks/CoreGraphics.framework/Versions/A/CoreGraphics
0x00000000096ae000 	/System/Library/PrivateFrameworks/Backup.framework/Versions/A/Backup
0x00000000096ae000 	/System/Library/Frameworks/CFNetwork.framework/Versions/A/CFNetwork
0x00000000096ae000 	/System/Library/Frameworks/SystemConfiguration.framework/Versions/A/SystemConfiguration
0x00000000096ae000 	/usr/lib/libCRFSuite.dylib
0x00000000096ae000 	/usr/lib/libc++.1.dylib
0x00000000096ae000 	/usr/lib/libc++abi.dylib
0x00000000096ae000 	/usr/lib/system/libcache.dylib
0x00000000096ae000 	/usr/lib/system/libcommonCrypto.dylib
0x00000000096ae000 	/usr/lib/system/libcompiler_rt.dylib
0x00000000096ae000 	/usr/lib/system/libcopyfile.dylib
0x00000000096ae000 	/usr/lib/system/libcorecrypto.dylib
0x00000000096ae000 	/usr/lib/system/libdispatch.dylib
0x00000000096ae000 	/usr/lib/system/libdyld.dylib
0x00000000096ae000 	/usr/lib/system/libkeymgr.dylib
0x00000000096ae000 	/usr/lib/system/liblaunch.dylib
0x00000000096ae000 	/usr/lib/system/libmacho.dylib
0x00000000096ae000 	/usr/lib/system/libquarantine.dylib
0x00000000096ae000 	/usr/lib/system/libremovefile.dylib
0x00000000096ae000 	/usr/lib/system/libsystem_asl.dylib
0x00000000096ae000 	/usr/lib/system/libsystem_blocks.dylib
0x00000000096ae000 	/usr/lib/system/libsystem_c.dylib
0x00000000096ae000 	/usr/lib/system/libsystem_configuration.dylib
0x00000000096ae000 	/usr/lib/system/libsystem_dnssd.dylib
0x00000000096ae000 	/usr/lib/system/libsystem_info.dylib
0x00000000096ae000 	/usr/lib/system/libsystem_kernel.dylib
0x00000000096ae000 	/usr/lib/system/libsystem_m.dylib
0x00000000096ae000 	/usr/lib/system/libsystem_malloc.dylib
0x00000000096ae000 	/usr/lib/system/libsystem_network.dylib
0x00000000096ae000 	/usr/lib/system/libsystem_notify.dylib
0x00000000096ae000 	/usr/lib/system/libsystem_platform.dylib
0x00000000096ae000 	/usr/lib/system/libsystem_pthread.dylib
0x00000000096ae000 	/usr/lib/system/libsystem_sandbox.dylib
0x00000000096ae000 	/usr/lib/system/libsystem_stats.dylib
0x00000000096ae000 	/usr/lib/system/libunc.dylib
0x00000000096ae000 	/usr/lib/system/libunwind.dylib
0x00000000096ae000 	/usr/lib/system/libxpc.dylib
0x00000000096ae000 	/usr/lib/libbsm.0.dylib
0x00000000096ae000 	/usr/lib/libsqlite3.dylib
0x00000000096ae000 	/usr/lib/libxar.1.dylib
0x00000000096ae000 	/usr/lib/libpam.2.dylib
0x00000000096ae000 	/usr/lib/libOpenScriptingUtil.dylib
0x00000000096ae000 	/usr/lib/libbz2.1.0.dylib
0x00000000096ae000 	/System/Library/Frameworks/CoreServices.framework/Versions/A/Frameworks/CarbonCore.framework/Versions/A/CarbonCore
0x00000000096ae000 	/System/Library/Frameworks/CoreServices.framework/Versions/A/Frameworks/Metadata.framework/Versions/A/Metadata
0x00000000096ae000 	/System/Library/Frameworks/CoreServices.framework/Versions/A/Frameworks/OSServices.framework/Versions/A/OSServices
0x00000000096ae000 	/System/Library/Frameworks/CoreServices.framework/Versions/A/Frameworks/SearchKit.framework/Versions/A/SearchKit
0x00000000096ae000 	/System/Library/Frameworks/CoreServices.framework/Versions/A/Frameworks/AE.framework/Versions/A/AE
0x00000000096ae000 	/System/Library/Frameworks/CoreServices.framework/Versions/A/Frameworks/LaunchServices.framework/Versions/A/LaunchServices
0x00000000096ae000 	/System/Library/Frameworks/CoreServices.framework/Versions/A/Frameworks/DictionaryServices.framework/Versions/A/DictionaryServices
0x00000000096ae000 	/System/Library/Frameworks/NetFS.framework/Versions/A/NetFS
0x00000000096ae000 	/usr/lib/system/libkxld.dylib
0x00000000096ae000 	/System/Library/PrivateFrameworks/NetAuth.framework/Versions/A/NetAuth
0x00000000096ae000 	/System/Library/PrivateFrameworks/TCC.framework/Versions/A/TCC
0x00000000096ae000 	/System/Library/Frameworks/OpenDirectory.framework/Versions/A/Frameworks/CFOpenDirectory.framework/Versions/A/CFOpenDirectory
0x00000000096ae000 	/System/Library/Frameworks/ServiceManagement.framework/Versions/A/ServiceManagement
0x00000000096ae000 	/usr/lib/libxslt.1.dylib
0x00000000096ae000 	/System/Library/Frameworks/Carbon.framework/Versions/A/Frameworks/Ink.framework/Versions/A/Ink
0x00000000096ae000 	/System/Library/Frameworks/ApplicationServices.framework/Versions/A/Frameworks/ATS.framework/Versions/A/ATS
0x00000000096ae000 	/System/Library/Frameworks/ApplicationServices.framework/Versions/A/Frameworks/ColorSync.framework/Versions/A/ColorSync
0x00000000096ae000 	/System/Library/Frameworks/ApplicationServices.framework/Versions/A/Frameworks/HIServices.framework/Versions/A/HIServices
0x00000000096ae000 	/System/Library/Frameworks/ApplicationServices.framework/Versions/A/Frameworks/LangAnalysis.framework/Versions/A/LangAnalysis
0x00000000096ae000 	/System/Library/Frameworks/ApplicationServices.framework/Versions/A/Frameworks/PrintCore.framework/Versions/A/PrintCore
0x00000000096ae000 	/System/Library/Frameworks/ApplicationServices.framework/Versions/A/Frameworks/QD.framework/Versions/A/QD
0x00000000096ae000 	/System/Library/Frameworks/ApplicationServices.framework/Versions/A/Frameworks/SpeechSynthesis.framework/Versions/A/SpeechSynthesis
0x00000000096ae000 	/System/Library/Frameworks/IOSurface.framework/Versions/A/IOSurface
0x00000000096ae000 	/System/Library/Frameworks/Accelerate.framework/Versions/A/Accelerate
0x00000000096ae000 	/System/Library/Frameworks/Accelerate.framework/Versions/A/Frameworks/vImage.framework/Versions/A/vImage
0x00000000096ae000 	/System/Library/Frameworks/Accelerate.framework/Versions/A/Frameworks/vecLib.framework/Versions/A/vecLib
0x00000000096ae000 	/System/Library/Frameworks/Accelerate.framework/Versions/A/Frameworks/vecLib.framework/Versions/A/libvDSP.dylib
0x00000000096ae000 	/System/Library/Frameworks/Accelerate.framework/Versions/A/Frameworks/vecLib.framework/Versions/A/libvMisc.dylib
0x00000000096ae000 	/System/Library/Frameworks/Accelerate.framework/Versions/A/Frameworks/vecLib.framework/Versions/A/libLAPACK.dylib
0x00000000096ae000 	/System/Library/Frameworks/Accelerate.framework/Versions/A/Frameworks/vecLib.framework/Versions/A/libBLAS.dylib
0x00000000096ae000 	/System/Library/Frameworks/ApplicationServices.framework/Versions/A/Frameworks/ATS.framework/Versions/A/Resources/libFontParser.dylib
0x00000000096ae000 	/System/Library/Frameworks/ApplicationServices.framework/Versions/A/Frameworks/ATS.framework/Versions/A/Resources/libFontRegistry.dylib
0x00000000096ae000 	/System/Library/Frameworks/ImageIO.framework/Versions/A/Resources/libJPEG.dylib
0x00000000096ae000 	/System/Library/Frameworks/ImageIO.framework/Versions/A/Resources/libTIFF.dylib
0x00000000096ae000 	/System/Library/Frameworks/ImageIO.framework/Versions/A/Resources/libPng.dylib
0x00000000096ae000 	/System/Library/Frameworks/ImageIO.framework/Versions/A/Resources/libGIF.dylib
0x00000000096ae000 	/System/Library/Frameworks/ImageIO.framework/Versions/A/Resources/libJP2.dylib
0x00000000096ae000 	/System/Library/Frameworks/ImageIO.framework/Versions/A/Resources/libRadiance.dylib
0x00000000096ae000 	/usr/lib/libcups.2.dylib
0x00000000096ae000 	/System/Library/Frameworks/Kerberos.framework/Versions/A/Kerberos
0x00000000096ae000 	/System/Library/Frameworks/GSS.framework/Versions/A/GSS
0x00000000096ae000 	/usr/lib/libresolv.9.dylib
0x00000000096ae000 	/usr/lib/libiconv.2.dylib
0x00000000096ae000 	/System/Library/PrivateFrameworks/Heimdal.framework/Versions/A/Heimdal
0x00000000096ae000 	/System/Library/PrivateFrameworks/TrustEvaluationAgent.framework/Versions/A/TrustEvaluationAgent
0x00000000096ae000 	/usr/lib/libheimdal-asn1.dylib
0x00000000096ae000 	/System/Library/Frameworks/OpenDirectory.framework/Versions/A/OpenDirectory
0x00000000096ae000 	/System/Library/PrivateFrameworks/CommonAuth.framework/Versions/A/CommonAuth
0x00000000096ae000 	/System/Library/Frameworks/SecurityFoundation.framework/Versions/A/SecurityFoundation
0x00000000096ae000 	/System/Library/PrivateFrameworks/Bom.framework/Versions/A/Bom
0x00000000096ae000 	/System/Library/Frameworks/CoreVideo.framework/Versions/A/CoreVideo
0x00000000096ae000 	/System/Library/Frameworks/QuartzCore.framework/Versions/A/Frameworks/CoreImage.framework/Versions/A/CoreImage
0x00000000096ae000 	/System/Library/Frameworks/QuartzCore.framework/Versions/A/Frameworks/ScalableUserInterface.framework/Versions/A/ScalableUserInterface
0x00000000096ae000 	/System/Library/Frameworks/OpenGL.framework/Versions/A/Libraries/libGLU.dylib
0x00000000096ae000 	/System/Library/Frameworks/OpenGL.framework/Versions/A/Libraries/libGFXShared.dylib
0x00000000096ae000 	/System/Library/Frameworks/OpenGL.framework/Versions/A/Libraries/libGL.dylib
0x00000000096ae000 	/System/Library/Frameworks/OpenGL.framework/Versions/A/Libraries/libGLImage.dylib
0x00000000096ae000 	/System/Library/Frameworks/OpenGL.framework/Versions/A/Libraries/libCVMSPluginSupport.dylib
0x00000000096ae000 	/System/Library/Frameworks/OpenGL.framework/Versions/A/Libraries/libCoreVMClient.dylib
0x00000000096ae000 	/System/Library/PrivateFrameworks/FaceCore.framework/Versions/A/FaceCore
0x00000000096ae000 	/System/Library/PrivateFrameworks/CrashReporterSupport.framework/Versions/A/CrashReporterSupport
0x00000000096ae000 	/System/Library/Frameworks/OpenCL.framework/Versions/A/OpenCL
0x00000000096ae000 	/System/Library/PrivateFrameworks/AppleFSCompression.framework/Versions/A/AppleFSCompression
0x00000000096ae000 	/System/Library/PrivateFrameworks/Ubiquity.framework/Versions/A/Ubiquity
0x00000000096ae000 	/System/Library/PrivateFrameworks/IconServices.framework/Versions/A/IconServices
0x00000000096ae000 	/System/Library/PrivateFrameworks/ChunkingLibrary.framework/Versions/A/ChunkingLibrary
0x00000000096ae000 	/System/Library/PrivateFrameworks/CoreSymbolication.framework/Versions/A/CoreSymbolication
0x00000000096ae000 	/System/Library/PrivateFrameworks/Symbolication.framework/Versions/A/Symbolication
0x00000000096ae000 	/System/Library/PrivateFrameworks/DebugSymbols.framework/Versions/A/DebugSymbols
0x0000000106e00000 	/Library/Java/JavaVirtualMachines/jdk1.7.0_51.jdk/Contents/Home/jre/lib/server/libjvm.dylib
0x00000000096ae000 	/usr/lib/libstdc++.6.dylib
0x00000001065a6000 	/Library/Java/JavaVirtualMachines/jdk1.7.0_51.jdk/Contents/Home/jre/lib/libverify.dylib
0x00000001065b3000 	/Library/Java/JavaVirtualMachines/jdk1.7.0_51.jdk/Contents/Home/jre/lib/libjava.dylib
0x0000000107956000 	/Library/Java/JavaVirtualMachines/jdk1.7.0_51.jdk/Contents/Home/jre/lib/libjdwp.dylib
0x00000001065e4000 	/Library/Java/JavaVirtualMachines/jdk1.7.0_51.jdk/Contents/Home/jre/lib/libnpt.dylib
0x00000001065f1000 	/Library/Java/JavaVirtualMachines/jdk1.7.0_51.jdk/Contents/Home/jre/lib/libzip.dylib
0x00000001111ff000 	/System/Library/Frameworks/JavaVM.framework/Frameworks/JavaRuntimeSupport.framework/JavaRuntimeSupport
0x0000000111217000 	/System/Library/Frameworks/JavaVM.framework/Versions/A/Frameworks/JavaNativeFoundation.framework/Versions/A/JavaNativeFoundation
0x000000011122c000 	/System/Library/Frameworks/JavaVM.framework/Versions/A/JavaVM
0x00000000096ae000 	/System/Library/Frameworks/Carbon.framework/Versions/A/Carbon
0x0000000111239000 	/System/Library/PrivateFrameworks/JavaLaunching.framework/Versions/A/JavaLaunching
0x00000000096ae000 	/System/Library/Frameworks/Carbon.framework/Versions/A/Frameworks/CommonPanels.framework/Versions/A/CommonPanels
0x00000000096ae000 	/System/Library/Frameworks/Carbon.framework/Versions/A/Frameworks/Help.framework/Versions/A/Help
0x00000000096ae000 	/System/Library/Frameworks/Carbon.framework/Versions/A/Frameworks/ImageCapture.framework/Versions/A/ImageCapture
0x00000000096ae000 	/System/Library/Frameworks/Carbon.framework/Versions/A/Frameworks/OpenScripting.framework/Versions/A/OpenScripting
0x00000000096ae000 	/System/Library/Frameworks/Carbon.framework/Versions/A/Frameworks/Print.framework/Versions/A/Print
0x00000000096ae000 	/System/Library/Frameworks/Carbon.framework/Versions/A/Frameworks/SecurityHI.framework/Versions/A/SecurityHI
0x000000011144e000 	/Library/Java/JavaVirtualMachines/jdk1.7.0_51.jdk/Contents/Home/jre/lib/libdt_socket.dylib

VM Arguments:
jvm_args: -agentlib:jdwp=transport=dt_socket,suspend=y,address=localhost:60447 -Dfile.encoding=US-ASCII 
java_command: Strings
Launcher Type: SUN_STANDARD

Environment Variables:
PATH=/usr/bin:/bin:/usr/sbin:/sbin
SHELL=/bin/bash

Signal Handlers:
SIGSEGV: [libjvm.dylib+0x525425], sa_mask[0]=0xfffefeff, sa_flags=0x00000043
SIGBUS: [libjvm.dylib+0x525425], sa_mask[0]=0xfffefeff, sa_flags=0x00000042
SIGFPE: [libjvm.dylib+0x41892a], sa_mask[0]=0xfffefeff, sa_flags=0x00000042
SIGPIPE: [libjvm.dylib+0x41892a], sa_mask[0]=0xfffefeff, sa_flags=0x00000042
SIGXFSZ: [libjvm.dylib+0x41892a], sa_mask[0]=0xfffefeff, sa_flags=0x00000042
SIGILL: [libjvm.dylib+0x41892a], sa_mask[0]=0xfffefeff, sa_flags=0x00000042
SIGUSR1: SIG_DFL, sa_mask[0]=0x00000000, sa_flags=0x00000002
SIGUSR2: [libjvm.dylib+0x41841c], sa_mask[0]=0x00000004, sa_flags=0x00000042
SIGHUP: [libjvm.dylib+0x4166ab], sa_mask[0]=0xfffefeff, sa_flags=0x00000042
SIGINT: [libjvm.dylib+0x4166ab], sa_mask[0]=0xfffefeff, sa_flags=0x00000042
SIGTERM: [libjvm.dylib+0x4166ab], sa_mask[0]=0xfffefeff, sa_flags=0x00000042
SIGQUIT: [libjvm.dylib+0x4166ab], sa_mask[0]=0xfffefeff, sa_flags=0x00000042


---------------  S Y S T E M  ---------------

OS:Bsduname:Darwin 13.3.0 Darwin Kernel Version 13.3.0: Tue Jun  3 21:27:35 PDT 2014; root:xnu-2422.110.17~1/RELEASE_X86_64 x86_64
rlimit: STACK 8192k, CORE 0k, NPROC 709, NOFILE 10240, AS infinity
load average:1.02 1.17 1.20

CPU:total 4 (2 cores per cpu, 2 threads per core) family 6 model 58 stepping 9, cmov, cx8, fxsr, mmx, sse, sse2, sse3, ssse3, sse4.1, sse4.2, popcnt, avx, aes, erms, ht, tsc, tscinvbit, tscinv

Memory: 4k page, physical 8388608k(2097152k free)

/proc/meminfo:


vm_info: Java HotSpot(TM) 64-Bit Server VM (24.51-b03) for bsd-amd64 JRE (1.7.0_51-b13), built on Dec 18 2013 18:45:56 by "java_re" with gcc 4.2.1 (Based on Apple Inc. build 5658) (LLVM build 2336.11.00)

time: Wed Aug 27 00:17:19 2014
elapsed time: 23 seconds

